\BOOKMARK [0][-]{chapter.1}{Introduction}{}% 1
\BOOKMARK [0][-]{chapter.2}{Research\040Question\040&\040Hypothesis}{}% 2
\BOOKMARK [1][-]{section.2.1}{Research\040questions}{chapter.2}% 3
\BOOKMARK [1][-]{section.2.2}{Hypotheses}{chapter.2}% 4
\BOOKMARK [0][-]{chapter.3}{Model\040Exploration}{}% 5
\BOOKMARK [1][-]{section.3.1}{Boundary\040conditions}{chapter.3}% 6
\BOOKMARK [1][-]{section.3.2}{Hydrostatic\040characteristics}{chapter.3}% 7
\BOOKMARK [1][-]{section.3.3}{Bed\040level\040type}{chapter.3}% 8
\BOOKMARK [0][-]{chapter.4}{Data\040Generation}{}% 9
\BOOKMARK [1][-]{section.4.1}{State\040variables}{chapter.4}% 10
\BOOKMARK [1][-]{section.4.2}{Spacial\040sensitivity}{chapter.4}% 11
\BOOKMARK [2][-]{subsection.4.2.1}{Convergence\040&\040grid\040independency}{section.4.2}% 12
\BOOKMARK [1][-]{section.4.3}{Numerical\040sensitivity}{chapter.4}% 13
\BOOKMARK [2][-]{subsection.4.3.1}{Numerical\040scheme}{section.4.3}% 14
\BOOKMARK [0][-]{chapter.5}{Data\040Analysis}{}% 15
\BOOKMARK [1][-]{section.5.1}{Indicator\040parameters}{chapter.5}% 16
\BOOKMARK [1][-]{section.5.2}{Numerical\040conditions}{chapter.5}% 17
\BOOKMARK [2][-]{subsection.5.2.1}{Consistency,\040stability\040and\040convergence\040of\040finite\040differences}{section.5.2}% 18
\BOOKMARK [2][-]{subsection.5.2.2}{Condition\040number}{section.5.2}% 19
\BOOKMARK [2][-]{subsection.5.2.3}{Other\040conditions}{section.5.2}% 20
\BOOKMARK [2][-]{subsection.5.2.4}{Spectral\040analysis}{section.5.2}% 21
\BOOKMARK [2][-]{subsection.5.2.5}{Interval\040analysis}{section.5.2}% 22
\BOOKMARK [1][-]{section.5.3}{Variable\040leverage}{chapter.5}% 23
\BOOKMARK [0][-]{appendix.A}{Appendix\040A}{}% 24
\BOOKMARK [1][-]{section.A.1}{Modelling\040of\040flow\040and\040transport}{appendix.A}% 25
\BOOKMARK [2][-]{subsection.A.1.1}{Molecular\040diffusion}{section.A.1}% 26
\BOOKMARK [2][-]{subsection.A.1.2}{Turbulent\040diffusion}{section.A.1}% 27
\BOOKMARK [1][-]{section.A.2}{Turbulence\040modelling\040in\040D-Flow\040FM}{appendix.A}% 28
\BOOKMARK [2][-]{subsection.A.2.1}{Reynold\040stresses}{section.A.2}% 29
\BOOKMARK [0][-]{appendix.B}{Appendix\040B}{}% 30
\BOOKMARK [0][-]{appendix*.2}{Bibliography}{}% 31
